[10:41:41:858] [INFO] [DiscordBot] Starting discord bot...
[10:41:42:907] [INFO] [DiscordBot] Logged in as MiňonkaDEV#3274 (967812828717264956) (1050 ms)
[11:38:02:521] [INFO] [DiscordBot] Starting discord bot...
[11:38:37:676] [INFO] [DiscordBot] Starting discord bot...
[11:38:37:747] [INFO] [DiscordBot] Registered 0 events
[11:38:38:796] [INFO] [DiscordBot] Logged in as MiňonkaDEV#3274 (967812828717264956) (1121 ms)
[11:45:57:475] [INFO] [DiscordBot] Starting discord bot...
[11:46:08:652] [INFO] [DiscordBot] Starting discord bot...
[11:46:08:702] [INFO] [DiscordBot] Registered 0 events
[13:16:27:702] [INFO] [RegisterCommands] Registering commands...
[13:16:28:098] [INFO] [RegisterCommands] Successfully registered commands (397 ms)
[13:16:34:010] [INFO] [DiscordBot] Starting discord bot...
[13:16:34:386] [INFO] [DiscordBot] Registered 1 events
[13:16:35:460] [INFO] [DiscordBot] Logged in as MiňonkaDEV#3274 (967812828717264956) (1450 ms)
[13:17:19:360] [INFO] [DiscordBot] Starting discord bot...
[13:17:19:403] [INFO] [DiscordBot] Registered 1 events
[13:17:20:302] [INFO] [DiscordBot] Logged in as MiňonkaDEV#3274 (967812828717264956) (943 ms)
[13:18:00:397] [INFO] [DiscordBot] Starting discord bot...
[13:18:00:460] [INFO] [DiscordBot] Registered 1 events
[13:18:01:371] [INFO] [DiscordBot] Logged in as MiňonkaDEV#3274 (967812828717264956) (975 ms)
[13:18:02:800] [INFO] [DiscordBot] Starting discord bot...
[13:18:02:845] [INFO] [DiscordBot] Registered 1 events
[13:18:03:853] [INFO] [DiscordBot] Logged in as MiňonkaDEV#3274 (967812828717264956) (1053 ms)
[14:07:32:073] [INFO] [DiscordBot] Starting discord bot...
[14:07:32:537] [INFO] [DiscordBot] Registered 1 events
[14:07:35:309] [INFO] [DiscordBot] Logged in as MiňonkaDEV#3274 (967812828717264956) (3236 ms)
[14:08:28:950] [INFO] [DiscordBot] Starting discord bot...
[14:08:28:999] [INFO] [DiscordBot] Registered 1 events
[14:08:30:075] [INFO] [DiscordBot] Logged in as MiňonkaDEV#3274 (967812828717264956) (1125 ms)
[14:08:42:643] [INFO] [DiscordBot] Starting discord bot...
[14:08:43:098] [INFO] [DiscordBot] Registered 1 events
[14:08:44:358] [INFO] [DiscordBot] Logged in as MiňonkaDEV#3274 (967812828717264956) (1716 ms)
[14:09:08:649] [INFO] [DiscordBot] Starting discord bot...
[14:09:08:699] [INFO] [DiscordBot] Registered 1 events
[14:09:09:834] [INFO] [DiscordBot] Logged in as MiňonkaDEV#3274 (967812828717264956) (1186 ms)
